<?xml version="1.0" encoding="UTF-8"?>
<!-- Generated by org.testng.reporters.JUnitReportReporter -->
<testsuite hostname="ginosmac.local" name="mobby.Booger" tests="1" failures="0" timestamp="3 Jun 2014 07:24:27 GMT" time="0.004" errors="0">
  <testcase name="f" time="0.004" classname="mobby.Booger"/>
</testsuite> <!-- mobby.Booger -->
