<?xml version="1.0" encoding="UTF-8"?>
<!-- Generated by org.testng.reporters.JUnitReportReporter -->
<testsuite hostname="ginosmac.local" name="mobby.HarTester" tests="1" failures="0" timestamp="4 Jun 2014 22:32:32 GMT" time="13.428" errors="0">
  <testcase name="mobTester" time="13.428" classname="mobby.HarTester"/>
</testsuite> <!-- mobby.HarTester -->
