<?xml version="1.0" encoding="UTF-8"?>
<!-- Generated by org.testng.reporters.JUnitReportReporter -->
<testsuite hostname="ginosmac.local" name="mobby.SweetTest" tests="4" failures="0" timestamp="3 Jun 2014 07:24:27 GMT" time="0.001" errors="0">
  <testcase name="search1" time="0.001" classname="mobby.SweetTest"/>
  <testcase name="testDataProvider" time="0.000" classname="mobby.SweetTest"/>
  <testcase name="testDataProvider" time="0.000" classname="mobby.SweetTest"/>
  <testcase name="testDataProvider" time="0.000" classname="mobby.SweetTest"/>
</testsuite> <!-- mobby.SweetTest -->
