<?xml version="1.0" encoding="UTF-8"?>
<!-- Generated by org.testng.reporters.JUnitReportReporter -->
<testsuite hostname="ginosmac.local" name="popcorn.NoobTest" tests="6" failures="0" timestamp="3 Jun 2014 03:35:54 GMT" time="0.009" errors="0">
  <testcase name="search2" time="0.002" classname="popcorn.NoobTest"/>
  <testcase name="testLogin" time="0.002" classname="popcorn.NoobTest"/>
  <testcase name="verifyData" time="0.003" classname="popcorn.NoobTest"/>
  <testcase name="testLogout" time="0.001" classname="popcorn.NoobTest"/>
  <testcase name="search1" time="0.001" classname="popcorn.NoobTest"/>
  <testcase name="verifyData" time="0.000" classname="popcorn.NoobTest"/>
</testsuite> <!-- popcorn.NoobTest -->
