<?xml version="1.0" encoding="UTF-8"?>
<!-- Generated by org.testng.reporters.JUnitReportReporter -->
<testsuite hostname="ginosmac.local" name="popcorn.Booger" tests="1" failures="0" timestamp="3 Jun 2014 03:44:04 GMT" time="0.006" errors="0">
  <testcase name="f" time="0.006" classname="popcorn.Booger"/>
</testsuite> <!-- popcorn.Booger -->
