<?xml version="1.0" encoding="UTF-8"?>
<!-- Generated by org.testng.reporters.JUnitReportReporter -->
<testsuite hostname="ginosmac.local" name="popcorn.SweetTest" tests="4" failures="0" timestamp="3 Jun 2014 03:44:04 GMT" time="0.004" errors="0">
  <testcase name="search1" time="0.001" classname="popcorn.SweetTest"/>
  <testcase name="testDataProvider" time="0.001" classname="popcorn.SweetTest"/>
  <testcase name="testDataProvider" time="0.001" classname="popcorn.SweetTest"/>
  <testcase name="testDataProvider" time="0.001" classname="popcorn.SweetTest"/>
</testsuite> <!-- popcorn.SweetTest -->
