<?xml version="1.0" encoding="UTF-8"?>
<!-- Generated by org.testng.reporters.JUnitReportReporter -->
<testsuite hostname="ginosmac.local" name="mobby.ParameterPrinter" tests="1" failures="0" timestamp="3 Jun 2014 07:40:55 GMT" time="0.005" errors="0">
  <testcase name="f" time="0.005" classname="mobby.ParameterPrinter"/>
</testsuite> <!-- mobby.ParameterPrinter -->
